<?xml version="1.0" encoding="UTF-8"?>
<testsuite xmlns:xsi="http://www.w3.org/2001/XMLSchema-instance" xsi:noNamespaceSchemaLocation="https://maven.apache.org/surefire/maven-surefire-plugin/xsd/surefire-test-report-3.0.xsd" version="3.0" name="com.sismics.util.format.TestPdfFormatHandler" time="16.642" tests="1" errors="0" skipped="0" failures="0">
  <properties>
[...]
</properties>
  <testcase name="testIssue373" classname="com.sismics.util.format.TestPdfFormatHandler" time="16.288">
    <system-out><![CDATA[29 Apr 2024 18:33:29,111 INFO com.sismics.docs.core.util.format.PdfFormatHandler.extractContent(PdfFormatHandler.java:62) OCR page 1/1 of PDF file containing only images 
29 Apr 2024 18:33:38,913 INFO com.sismics.util.ClasspathScanner.findClasses(ClasspathScanner.java:48) Found 1 classes for IndexingHandler 
29 Apr 2024 18:33:39,056 INFO com.sismics.docs.core.util.indexing.LuceneIndexingHandler.initLucene(LuceneIndexingHandler.java:115) Using RAM Lucene storage 
29 Apr 2024 18:33:40,205 INFO com.sismics.docs.core.service.FileService.startUp(FileService.java:39) File service starting up 
29 Apr 2024 18:33:40,273 INFO com.sismics.docs.core.service.InboxService.startUp(InboxService.java:55) Inbox service starting up 
29 Apr 2024 18:33:40,337 INFO com.sismics.util.jpa.EMF.getEntityManagerProperties(EMF.java:67) Configuring EntityManager from hibernate.properties 
29 Apr 2024 18:33:40,435 DEBUG org.hibernate.boot.registry.selector.internal.StrategySelectorBuilder.<clinit>(StrategySelectorBuilder.java:44) Logging Provider: org.jboss.logging.Log4jLoggerProvider 
29 Apr 2024 18:33:41,824 INFO com.mchange.v2.log.slf4j.Slf4jMLog$Slf4jMLogger$InfoLogger.log(Slf4jMLog.java:212) MLog clients using slf4j logging. 
29 Apr 2024 18:33:41,876 DEBUG com.mchange.v2.log.slf4j.Slf4jMLog$Slf4jMLogger$DebugLogger.log(Slf4jMLog.java:207) Reading VM config for path list /com/mchange/v2/log/default-mchange-log.properties, /mchange-commons.properties, /c3p0.properties, hocon:/reference,/application,/c3p0,/, /mchange-log.properties, / 
29 Apr 2024 18:33:41,876 DEBUG com.mchange.v2.log.slf4j.Slf4jMLog$Slf4jMLogger$DebugLogger.log(Slf4jMLog.java:207) The configuration file for resource identifier '/mchange-commons.properties' could not be found. Skipping. 
29 Apr 2024 18:33:41,877 DEBUG com.mchange.v2.log.slf4j.Slf4jMLog$Slf4jMLogger$DebugLogger.log(Slf4jMLog.java:207) The configuration file for resource identifier '/c3p0.properties' could not be found. Skipping. 
29 Apr 2024 18:33:41,877 DEBUG com.mchange.v2.log.slf4j.Slf4jMLog$Slf4jMLogger$DebugLogger.log(Slf4jMLog.java:207) The configuration file for resource identifier 'hocon:/reference,/application,/c3p0,/' could not be found. Skipping. 
29 Apr 2024 18:33:41,877 DEBUG com.mchange.v2.log.slf4j.Slf4jMLog$Slf4jMLogger$DebugLogger.log(Slf4jMLog.java:207) The configuration file for resource identifier '/mchange-log.properties' could not be found. Skipping. 
29 Apr 2024 18:33:41,907 DEBUG com.mchange.v2.log.slf4j.Slf4jMLog$Slf4jMLogger$DebugLogger.log(Slf4jMLog.java:207) The configuration file for resource identifier '/mchange-commons.properties' could not be found. Skipping. 
29 Apr 2024 18:33:41,907 DEBUG com.mchange.v2.log.slf4j.Slf4jMLog$Slf4jMLogger$DebugLogger.log(Slf4jMLog.java:207) The configuration file for resource identifier '/mchange-log.properties' could not be found. Skipping. 
29 Apr 2024 18:33:41,908 DEBUG com.mchange.v2.log.slf4j.Slf4jMLog$Slf4jMLogger$DebugLogger.log(Slf4jMLog.java:207) The configuration file for resource identifier 'hocon:/reference,/application,/c3p0,/' could not be found. Skipping. 
29 Apr 2024 18:33:41,908 DEBUG com.mchange.v2.log.slf4j.Slf4jMLog$Slf4jMLogger$DebugLogger.log(Slf4jMLog.java:207) The configuration file for resource identifier '/c3p0.properties' could not be found. Skipping. 
29 Apr 2024 18:33:42,442 INFO com.mchange.v2.log.slf4j.Slf4jMLog$Slf4jMLogger$InfoLogger.log(Slf4jMLog.java:212) Initializing c3p0-0.9.5.5 [built 11-December-2019 22:18:33 -0800; debug? true; trace: 10] 
29 Apr 2024 18:33:42,596 DEBUG com.mchange.v2.log.slf4j.Slf4jMLog$Slf4jMLogger$DebugLogger.log(Slf4jMLog.java:204) MBean: com.mchange.v2.c3p0:type=PooledDataSource,identityToken=z8kfsxb3bhphwu80f19n|1eba07c0,name=z8kfsxb3bhphwu80f19n|1eba07c0 registered. 
29 Apr 2024 18:33:42,854 DEBUG com.mchange.v2.log.slf4j.Slf4jMLog$Slf4jMLogger$DebugLogger.log(Slf4jMLog.java:204) MBean: com.mchange.v2.c3p0:type=PooledDataSource,identityToken=z8kfsxb3bhphwu80f19n|1eba07c0,name=z8kfsxb3bhphwu80f19n|1eba07c0 unregistered, in order to be reregistered after update. 
29 Apr 2024 18:33:42,855 DEBUG com.mchange.v2.log.slf4j.Slf4jMLog$Slf4jMLogger$DebugLogger.log(Slf4jMLog.java:204) MBean: com.mchange.v2.c3p0:type=PooledDataSource,identityToken=z8kfsxb3bhphwu80f19n|1eba07c0,name=z8kfsxb3bhphwu80f19n|1eba07c0 registered. 
29 Apr 2024 18:33:43,123 INFO com.mchange.v2.log.slf4j.Slf4jMLog$Slf4jMLogger$InfoLogger.log(Slf4jMLog.java:212) Initializing c3p0 pool... com.mchange.v2.c3p0.PoolBackedDataSource@1edb9df [ connectionPoolDataSource -> com.mchange.v2.c3p0.WrapperConnectionPoolDataSource@b33ad307 [ acquireIncrement -> 3, acquireRetryAttempts -> 30, acquireRetryDelay -> 1000, autoCommitOnClose -> false, automaticTestTable -> null, breakAfterAcquireFailure -> false, checkoutTimeout -> 0, connectionCustomizerClassName -> null, connectionTesterClassName -> com.mchange.v2.c3p0.impl.DefaultConnectionTester, contextClassLoaderSource -> caller, debugUnreturnedConnectionStackTraces -> false, factoryClassLocation -> null, forceIgnoreUnresolvedTransactions -> false, forceSynchronousCheckins -> false, identityToken -> z8kfsxb3bhphwu80f19n|5e45faf9, idleConnectionTestPeriod -> 0, initialPoolSize -> 1, maxAdministrativeTaskTime -> 0, maxConnectionAge -> 0, maxIdleTime -> 0, maxIdleTimeExcessConnections -> 0, maxPoolSize -> 10, maxStatements -> 0, maxStatementsPerConnection -> 0, minPoolSize -> 1, nestedDataSource -> com.mchange.v2.c3p0.DriverManagerDataSource@c4a320b [ description -> null, driverClass -> null, factoryClassLocation -> null, forceUseNamedDriverClass -> false, identityToken -> z8kfsxb3bhphwu80f19n|1177cc83, jdbcUrl -> jdbc:h2:mem:docs, properties -> {password=******, user=******} ], preferredTestQuery -> null, privilegeSpawnedThreads -> false, propertyCycle -> 0, statementCacheNumDeferredCloseThreads -> 0, testConnectionOnCheckin -> false, testConnectionOnCheckout -> false, unreturnedConnectionTimeout -> 0, usesTraditionalReflectiveProxies -> false; userOverrides: {} ], dataSourceName -> null, extensions -> {}, factoryClassLocation -> null, identityToken -> z8kfsxb3bhphwu80f19n|1eba07c0, numHelperThreads -> 3 ] 
29 Apr 2024 18:33:43,275 DEBUG com.mchange.v2.log.slf4j.Slf4jMLog$Slf4jMLogger$DebugLogger.log(Slf4jMLog.java:207) The configuration file for resource identifier '/mchange-commons.properties' could not be found. Skipping. 
29 Apr 2024 18:33:43,275 DEBUG com.mchange.v2.log.slf4j.Slf4jMLog$Slf4jMLogger$DebugLogger.log(Slf4jMLog.java:207) The configuration file for resource identifier '/mchange-log.properties' could not be found. Skipping. 
29 Apr 2024 18:33:43,275 DEBUG com.mchange.v2.log.slf4j.Slf4jMLog$Slf4jMLogger$DebugLogger.log(Slf4jMLog.java:207) The configuration file for resource identifier '/c3p0.properties' could not be found. Skipping. 
29 Apr 2024 18:33:43,276 DEBUG com.mchange.v2.log.slf4j.Slf4jMLog$Slf4jMLogger$DebugLogger.log(Slf4jMLog.java:207) The configuration file for resource identifier 'hocon:/reference,/application,/c3p0,/' could not be found. Skipping. 
29 Apr 2024 18:33:43,286 DEBUG com.mchange.v2.log.slf4j.Slf4jMLog$Slf4jMLogger$DebugLogger.log(Slf4jMLog.java:204) com.mchange.v2.resourcepool.BasicResourcePool@64782f79 config: [start -> 1; min -> 1; max -> 10; inc -> 3; num_acq_attempts -> 30; acq_attempt_delay -> 1000; check_idle_resources_delay -> 0; max_resource_age -> 0; max_idle_time -> 0; excess_max_idle_time -> 0; destroy_unreturned_resc_time -> 0; expiration_enforcement_delay -> 0; break_on_acquisition_failure -> false; debug_store_checkout_exceptions -> false; force_synchronous_checkins -> false] 
29 Apr 2024 18:33:43,287 DEBUG com.mchange.v2.log.slf4j.Slf4jMLog$Slf4jMLogger$DebugLogger.log(Slf4jMLog.java:204) Created new pool for auth, username (masked): 'sa******'. 
29 Apr 2024 18:33:43,287 DEBUG com.mchange.v2.log.slf4j.Slf4jMLog$Slf4jMLogger$DebugLogger.log(Slf4jMLog.java:204) acquire test -- pool size: 0; target_pool_size: 1; desired target? 1 
29 Apr 2024 18:33:43,287 DEBUG com.mchange.v2.log.slf4j.Slf4jMLog$Slf4jMLogger$DebugLogger.log(Slf4jMLog.java:204) awaitAvailable(): [unknown] 
]]></system-out>
  </testcase>
</testsuite>