<?xml version="1.0" encoding="UTF-8"?>
<testsuite xmlns:xsi="http://www.w3.org/2001/XMLSchema-instance" xsi:noNamespaceSchemaLocation="https://maven.apache.org/surefire/maven-surefire-plugin/xsd/surefire-test-report-3.0.xsd" version="3.0" name="com.sismics.docs.rest.TestDocumentResource" time="270.102" tests="9" errors="0" skipped="0" failures="1">
  <properties>
[...]
</properties>
  <testcase name="testEmlImport" classname="com.sismics.docs.rest.TestDocumentResource" time="134.365">
    <system-out><![CDATA[29 Apr 2024 18:43:34,568 INFO com.sismics.util.filter.RequestContextFilter.init(RequestContextFilter.java:43) Using base data directory: /tmp 
29 Apr 2024 18:44:34,440 INFO com.sismics.util.ClasspathScanner.findClasses(ClasspathScanner.java:48) Found 1 classes for IndexingHandler 
29 Apr 2024 18:44:35,029 INFO com.sismics.docs.core.util.indexing.LuceneIndexingHandler.initLucene(LuceneIndexingHandler.java:115) Using RAM Lucene storage 
29 Apr 2024 18:44:37,622 INFO com.sismics.docs.core.service.FileService.startUp(FileService.java:39) File service starting up 
29 Apr 2024 18:44:37,710 INFO com.sismics.docs.core.service.InboxService.startUp(InboxService.java:55) Inbox service starting up 
29 Apr 2024 18:44:55,087 INFO com.sismics.util.ClasspathScanner.findClasses(ClasspathScanner.java:48) Found 2 classes for AuthenticationHandler 
29 Apr 2024 18:45:04,380 INFO com.sismics.docs.core.util.FileUtil.startProcessingFile(FileUtil.java:221) Processing started for file: 3bd9a0a0-be05-46ce-813d-b141a4a8e7ef 
29 Apr 2024 18:45:04,405 INFO com.sismics.docs.core.util.FileUtil.startProcessingFile(FileUtil.java:221) Processing started for file: 53f675da-26a6-4265-9966-4317609f4aa9 
29 Apr 2024 18:45:04,498 INFO com.sismics.docs.core.listener.async.DocumentCreatedAsyncListener.on(DocumentCreatedAsyncListener.java:35) Document created event: DocumentCreatedAsyncEvent{documentId=38549869-928d-4a15-b328-89dfbe556b62} 
29 Apr 2024 18:45:06,331 INFO com.sismics.docs.core.listener.async.FileProcessingAsyncListener.on(FileProcessingAsyncListener.java:53) File created event: FileCreatedAsyncEvent{fileId=3bd9a0a0-be05-46ce-813d-b141a4a8e7ef, language=eng} 
29 Apr 2024 18:45:17,049 INFO com.sismics.util.ClasspathScanner.findClasses(ClasspathScanner.java:48) Found 7 classes for FormatHandler 
29 Apr 2024 18:45:19,892 WARN org.apache.pdfbox.pdmodel.font.PDTrueTypeFont.<init>(PDTrueTypeFont.java:220) Using fallback font 'LiberationSans' for 'Times New Roman' 
29 Apr 2024 18:45:20,119 WARN org.apache.pdfbox.pdmodel.font.PDTrueTypeFont.<init>(PDTrueTypeFont.java:220) Using fallback font 'LiberationSans' for 'Times New Roman,Bold' 
29 Apr 2024 18:45:20,128 WARN org.apache.pdfbox.pdmodel.font.PDTrueTypeFont.<init>(PDTrueTypeFont.java:220) Using fallback font 'LiberationSans' for 'Times New Roman,Italic' 
29 Apr 2024 18:45:20,382 INFO com.sismics.docs.core.listener.async.FileProcessingAsyncListener.extractContent(FileProcessingAsyncListener.java:176) Start extracting content from: File{id=3bd9a0a0-be05-46ce-813d-b141a4a8e7ef, name=14_UNHCR_nd.pdf} 
29 Apr 2024 18:45:20,447 WARN org.apache.pdfbox.pdmodel.font.PDTrueTypeFont.<init>(PDTrueTypeFont.java:220) Using fallback font 'LiberationSans' for 'Times New Roman' 
29 Apr 2024 18:45:20,469 WARN org.apache.pdfbox.pdmodel.font.PDTrueTypeFont.<init>(PDTrueTypeFont.java:220) Using fallback font 'LiberationSans' for 'Times New Roman,Bold' 
29 Apr 2024 18:45:20,473 WARN org.apache.pdfbox.pdmodel.font.PDTrueTypeFont.<init>(PDTrueTypeFont.java:220) Using fallback font 'LiberationSans' for 'Times New Roman,Italic' 
29 Apr 2024 18:45:20,575 WARN org.apache.pdfbox.pdmodel.font.PDTrueTypeFont.<init>(PDTrueTypeFont.java:220) Using fallback font 'LiberationSans' for 'Arial' 
29 Apr 2024 18:45:20,777 INFO com.sismics.docs.core.listener.async.FileProcessingAsyncListener.extractContent(FileProcessingAsyncListener.java:182) File content extracted in 395ms: 3bd9a0a0-be05-46ce-813d-b141a4a8e7ef 
29 Apr 2024 18:45:20,965 INFO com.sismics.docs.core.util.FileUtil.endProcessingFile(FileUtil.java:231) Processing ended for file: 3bd9a0a0-be05-46ce-813d-b141a4a8e7ef 
29 Apr 2024 18:45:20,966 INFO com.sismics.docs.core.listener.async.DocumentUpdatedAsyncListener.on(DocumentUpdatedAsyncListener.java:39) Document updated event: DocumentUpdatedAsyncEvent{documentId=38549869-928d-4a15-b328-89dfbe556b62} 
29 Apr 2024 18:45:21,538 INFO com.sismics.docs.core.listener.async.FileProcessingAsyncListener.on(FileProcessingAsyncListener.java:53) File created event: FileCreatedAsyncEvent{fileId=53f675da-26a6-4265-9966-4317609f4aa9, language=eng} 
29 Apr 2024 18:45:21,748 WARN org.apache.pdfbox.pdmodel.font.PDType1Font.<init>(PDType1Font.java:161) Using fallback font LiberationSans for base font Times-Roman 
29 Apr 2024 18:45:21,757 WARN org.apache.pdfbox.pdmodel.font.PDType1Font.<init>(PDType1Font.java:161) Using fallback font LiberationSans for base font Times-Bold 
29 Apr 2024 18:45:21,769 WARN org.apache.pdfbox.pdmodel.font.PDType1Font.<init>(PDType1Font.java:161) Using fallback font LiberationSans for base font Times-Italic 
29 Apr 2024 18:45:21,780 WARN org.apache.pdfbox.pdmodel.font.PDType1Font.<init>(PDType1Font.java:161) Using fallback font LiberationSans for base font Times-BoldItalic 
29 Apr 2024 18:45:21,780 WARN org.apache.pdfbox.pdmodel.font.PDType1Font.<init>(PDType1Font.java:161) Using fallback font LiberationSans for base font Helvetica 
29 Apr 2024 18:45:21,790 WARN org.apache.pdfbox.pdmodel.font.PDType1Font.<init>(PDType1Font.java:161) Using fallback font LiberationSans for base font Helvetica-Bold 
29 Apr 2024 18:45:21,800 WARN org.apache.pdfbox.pdmodel.font.PDType1Font.<init>(PDType1Font.java:161) Using fallback font LiberationSans for base font Helvetica-Oblique 
29 Apr 2024 18:45:21,811 WARN org.apache.pdfbox.pdmodel.font.PDType1Font.<init>(PDType1Font.java:161) Using fallback font LiberationSans for base font Helvetica-BoldOblique 
29 Apr 2024 18:45:21,822 WARN org.apache.pdfbox.pdmodel.font.PDType1Font.<init>(PDType1Font.java:161) Using fallback font LiberationSans for base font Courier 
29 Apr 2024 18:45:21,830 WARN org.apache.pdfbox.pdmodel.font.PDType1Font.<init>(PDType1Font.java:161) Using fallback font LiberationSans for base font Courier-Bold 
29 Apr 2024 18:45:21,838 WARN org.apache.pdfbox.pdmodel.font.PDType1Font.<init>(PDType1Font.java:161) Using fallback font LiberationSans for base font Courier-Oblique 
29 Apr 2024 18:45:21,844 WARN org.apache.pdfbox.pdmodel.font.PDType1Font.<init>(PDType1Font.java:161) Using fallback font LiberationSans for base font Courier-BoldOblique 
29 Apr 2024 18:45:21,852 WARN org.apache.pdfbox.pdmodel.font.PDType1Font.<init>(PDType1Font.java:161) Using fallback font LiberationSans for base font Symbol 
29 Apr 2024 18:45:21,861 WARN org.apache.pdfbox.pdmodel.font.PDType1Font.<init>(PDType1Font.java:161) Using fallback font LiberationSans for base font ZapfDingbats 
29 Apr 2024 18:45:22,194 INFO com.sismics.docs.core.listener.async.FileProcessingAsyncListener.extractContent(FileProcessingAsyncListener.java:176) Start extracting content from: File{id=53f675da-26a6-4265-9966-4317609f4aa9, name=refugee status determination.pdf} 
29 Apr 2024 18:45:22,448 INFO com.sismics.docs.core.listener.async.FileProcessingAsyncListener.extractContent(FileProcessingAsyncListener.java:182) File content extracted in 253ms: 53f675da-26a6-4265-9966-4317609f4aa9 
29 Apr 2024 18:45:22,715 INFO com.sismics.docs.core.util.FileUtil.endProcessingFile(FileUtil.java:231) Processing ended for file: 53f675da-26a6-4265-9966-4317609f4aa9 
29 Apr 2024 18:45:22,716 INFO com.sismics.docs.core.listener.async.DocumentUpdatedAsyncListener.on(DocumentUpdatedAsyncListener.java:39) Document updated event: DocumentUpdatedAsyncEvent{documentId=38549869-928d-4a15-b328-89dfbe556b62} 
29 Apr 2024 18:45:23,584 INFO org.subethamail.smtp.server.SMTPServer.run(SMTPServer.java:333) SMTP Server socket shut down. 
29 Apr 2024 18:45:23,609 INFO com.sismics.docs.core.service.InboxService.shutDown(InboxService.java:60) Inbox service shutting down 
29 Apr 2024 18:45:23,610 INFO com.sismics.docs.core.service.FileService.shutDown(FileService.java:44) File service shutting down 
]]></system-out>
    <system-err><![CDATA[Apr 29, 2024 6:43:10 PM org.glassfish.jersey.test.external.ExternalTestContainerFactory$ExternalTestContainer <init>
INFO: Creating ExternalTestContainer configured at the base URI http://localhost:9998/docs
Apr 29, 2024 6:43:14 PM org.glassfish.grizzly.servlet.WebappContext deploy
INFO: Starting application [GrizzlyContext] ...
Apr 29, 2024 6:43:15 PM org.glassfish.grizzly.servlet.WebappContext initServlets
INFO: Loading Servlet: org.glassfish.jersey.servlet.ServletContainer
Apr 29, 2024 6:43:33 PM org.glassfish.grizzly.servlet.WebappContext initServlets
INFO: [GrizzlyContext] Servlet [org.glassfish.jersey.servlet.ServletContainer] registered for url pattern(s) [[/*]].
]]></system-err>
  </testcase>
  <testcase name="testPdfExtraction" classname="com.sismics.docs.rest.TestDocumentResource" time="15.67">
    <system-out><![CDATA[29 Apr 2024 18:45:23,697 INFO org.glassfish.jersey.test.external.ExternalTestContainerFactory$ExternalTestContainer.<init>(ExternalTestContainerFactory.java:91) Creating ExternalTestContainer configured at the base URI http://localhost:9998/docs 
29 Apr 2024 18:45:24,638 INFO com.sismics.util.filter.RequestContextFilter.init(RequestContextFilter.java:43) Using base data directory: /tmp 
29 Apr 2024 18:45:34,087 INFO com.sismics.util.ClasspathScanner.findClasses(ClasspathScanner.java:48) Found 1 classes for IndexingHandler 
29 Apr 2024 18:45:34,089 INFO com.sismics.docs.core.util.indexing.LuceneIndexingHandler.initLucene(LuceneIndexingHandler.java:115) Using RAM Lucene storage 
29 Apr 2024 18:45:34,091 INFO com.sismics.docs.core.service.FileService.startUp(FileService.java:39) File service starting up 
29 Apr 2024 18:45:34,093 INFO com.sismics.docs.core.service.InboxService.startUp(InboxService.java:55) Inbox service starting up 
29 Apr 2024 18:45:35,528 INFO com.sismics.docs.core.listener.async.DocumentCreatedAsyncListener.on(DocumentCreatedAsyncListener.java:35) Document created event: DocumentCreatedAsyncEvent{documentId=a6c4055d-ca98-4dac-bc4a-3c91ac221cf6} 
29 Apr 2024 18:45:35,730 INFO com.sismics.docs.core.util.FileUtil.startProcessingFile(FileUtil.java:221) Processing started for file: d4072563-edbb-4d16-a340-1e3f5fbc0fcc 
29 Apr 2024 18:45:35,751 INFO com.sismics.docs.core.listener.async.FileProcessingAsyncListener.on(FileProcessingAsyncListener.java:53) File created event: FileCreatedAsyncEvent{fileId=d4072563-edbb-4d16-a340-1e3f5fbc0fcc, language=eng} 
29 Apr 2024 18:45:35,770 WARN org.apache.pdfbox.pdmodel.font.PDType1Font.<init>(PDType1Font.java:296) Using fallback font LiberationSans for Helvetica-Bold 
29 Apr 2024 18:45:35,774 WARN org.apache.pdfbox.pdmodel.font.PDType1Font.<init>(PDType1Font.java:296) Using fallback font LiberationSans for Helvetica 
29 Apr 2024 18:45:35,791 WARN org.apache.pdfbox.pdmodel.font.PDType1Font.<init>(PDType1Font.java:296) Using fallback font LiberationSans for Times-Bold 
29 Apr 2024 18:45:35,792 WARN org.apache.pdfbox.pdmodel.font.PDType1Font.<init>(PDType1Font.java:296) Using fallback font LiberationSans for Times-Roman 
29 Apr 2024 18:45:35,821 WARN org.apache.pdfbox.pdmodel.font.PDType1Font.<init>(PDType1Font.java:296) Using fallback font LiberationSans for Times-Bold 
29 Apr 2024 18:45:35,823 WARN org.apache.pdfbox.pdmodel.font.PDType1Font.<init>(PDType1Font.java:296) Using fallback font LiberationSans for Times-Italic 
29 Apr 2024 18:45:35,828 WARN org.apache.pdfbox.pdmodel.font.PDType1Font.<init>(PDType1Font.java:296) Using fallback font LiberationSans for Times-Roman 
29 Apr 2024 18:45:35,832 WARN org.apache.pdfbox.pdmodel.font.PDType1Font.<init>(PDType1Font.java:296) Using fallback font LiberationSans for Times-Italic 
29 Apr 2024 18:45:36,308 INFO com.sismics.docs.core.listener.async.FileProcessingAsyncListener.extractContent(FileProcessingAsyncListener.java:176) Start extracting content from: File{id=d4072563-edbb-4d16-a340-1e3f5fbc0fcc, name=wikipedia.pdf} 
29 Apr 2024 18:45:36,327 WARN org.apache.pdfbox.pdmodel.font.PDType1Font.<init>(PDType1Font.java:296) Using fallback font LiberationSans for Helvetica-Bold 
29 Apr 2024 18:45:36,327 WARN org.apache.pdfbox.pdmodel.font.PDType1Font.<init>(PDType1Font.java:296) Using fallback font LiberationSans for Helvetica 
29 Apr 2024 18:45:36,328 WARN org.apache.pdfbox.pdmodel.font.PDType1Font.<init>(PDType1Font.java:296) Using fallback font LiberationSans for Times-Bold 
29 Apr 2024 18:45:36,328 WARN org.apache.pdfbox.pdmodel.font.PDType1Font.<init>(PDType1Font.java:296) Using fallback font LiberationSans for Times-Roman 
29 Apr 2024 18:45:36,330 WARN org.apache.pdfbox.pdmodel.font.PDType1Font.<init>(PDType1Font.java:296) Using fallback font LiberationSans for Times-Bold 
29 Apr 2024 18:45:36,330 WARN org.apache.pdfbox.pdmodel.font.PDType1Font.<init>(PDType1Font.java:296) Using fallback font LiberationSans for Times-Italic 
29 Apr 2024 18:45:36,331 WARN org.apache.pdfbox.pdmodel.font.PDType1Font.<init>(PDType1Font.java:296) Using fallback font LiberationSans for Times-Roman 
29 Apr 2024 18:45:36,332 WARN org.apache.pdfbox.pdmodel.font.PDType1Font.<init>(PDType1Font.java:296) Using fallback font LiberationSans for Times-Italic 
29 Apr 2024 18:45:36,384 WARN org.apache.pdfbox.pdmodel.font.PDFont.loadUnicodeCmap(PDFont.java:150) Invalid ToUnicode CMap in font HSVMXH+HiraKakuPro-W3 
29 Apr 2024 18:45:36,720 WARN org.apache.pdfbox.pdmodel.font.PDFont.loadUnicodeCmap(PDFont.java:150) Invalid ToUnicode CMap in font XICUVH+HiraKakuPro-W3 
29 Apr 2024 18:45:36,837 INFO com.sismics.docs.core.listener.async.FileProcessingAsyncListener.extractContent(FileProcessingAsyncListener.java:182) File content extracted in 528ms: d4072563-edbb-4d16-a340-1e3f5fbc0fcc 
29 Apr 2024 18:45:36,867 INFO com.sismics.docs.core.util.FileUtil.endProcessingFile(FileUtil.java:231) Processing ended for file: d4072563-edbb-4d16-a340-1e3f5fbc0fcc 
29 Apr 2024 18:45:36,868 INFO com.sismics.docs.core.listener.async.DocumentUpdatedAsyncListener.on(DocumentUpdatedAsyncListener.java:39) Document updated event: DocumentUpdatedAsyncEvent{documentId=a6c4055d-ca98-4dac-bc4a-3c91ac221cf6} 
29 Apr 2024 18:45:38,780 WARN org.apache.pdfbox.pdmodel.font.DocsPDType1Font.<init>(DocsPDType1Font.java:102) Using fallback font LiberationSans for base font Helvetica 
29 Apr 2024 18:45:38,781 WARN org.apache.pdfbox.pdmodel.font.DocsPDType1Font.<init>(DocsPDType1Font.java:102) Using fallback font LiberationSans for base font Helvetica-Bold 
29 Apr 2024 18:45:39,359 INFO org.subethamail.smtp.server.SMTPServer.run(SMTPServer.java:333) SMTP Server socket shut down. 
29 Apr 2024 18:45:39,370 INFO com.sismics.docs.core.service.InboxService.shutDown(InboxService.java:60) Inbox service shutting down 
29 Apr 2024 18:45:39,370 INFO com.sismics.docs.core.service.FileService.shutDown(FileService.java:44) File service shutting down 
]]></system-out>
  </testcase>
  <testcase name="testDocxExtraction" classname="com.sismics.docs.rest.TestDocumentResource" time="16.581">
    <system-out><![CDATA[29 Apr 2024 18:45:39,374 INFO org.glassfish.jersey.test.external.ExternalTestContainerFactory$ExternalTestContainer.<init>(ExternalTestContainerFactory.java:91) Creating ExternalTestContainer configured at the base URI http://localhost:9998/docs 
29 Apr 2024 18:45:40,306 INFO com.sismics.util.filter.RequestContextFilter.init(RequestContextFilter.java:43) Using base data directory: /tmp 
29 Apr 2024 18:45:48,536 INFO com.sismics.util.ClasspathScanner.findClasses(ClasspathScanner.java:48) Found 1 classes for IndexingHandler 
29 Apr 2024 18:45:48,538 INFO com.sismics.docs.core.util.indexing.LuceneIndexingHandler.initLucene(LuceneIndexingHandler.java:115) Using RAM Lucene storage 
29 Apr 2024 18:45:48,539 INFO com.sismics.docs.core.service.FileService.startUp(FileService.java:39) File service starting up 
29 Apr 2024 18:45:48,540 INFO com.sismics.docs.core.service.InboxService.startUp(InboxService.java:55) Inbox service starting up 
29 Apr 2024 18:45:49,524 INFO com.sismics.docs.core.listener.async.DocumentCreatedAsyncListener.on(DocumentCreatedAsyncListener.java:35) Document created event: DocumentCreatedAsyncEvent{documentId=ad16bd03-67a2-4781-ac6e-b2384913e1b2} 
29 Apr 2024 18:45:49,712 INFO com.sismics.docs.core.util.FileUtil.startProcessingFile(FileUtil.java:221) Processing started for file: d56ca177-11c2-44be-8231-7a01f4f300a1 
29 Apr 2024 18:45:49,733 INFO com.sismics.docs.core.listener.async.FileProcessingAsyncListener.on(FileProcessingAsyncListener.java:53) File created event: FileCreatedAsyncEvent{fileId=d56ca177-11c2-44be-8231-7a01f4f300a1, language=eng} 
29 Apr 2024 18:45:55,165 WARN org.apache.pdfbox.pdmodel.font.PDType1Font.<init>(PDType1Font.java:296) Using fallback font LiberationSans for Helvetica 
29 Apr 2024 18:45:55,272 INFO com.sismics.docs.core.listener.async.FileProcessingAsyncListener.extractContent(FileProcessingAsyncListener.java:176) Start extracting content from: File{id=d56ca177-11c2-44be-8231-7a01f4f300a1, name=document.docx} 
29 Apr 2024 18:45:55,293 WARN org.apache.pdfbox.pdmodel.font.PDType1Font.<init>(PDType1Font.java:296) Using fallback font LiberationSans for Helvetica 
29 Apr 2024 18:45:55,294 INFO com.sismics.docs.core.listener.async.FileProcessingAsyncListener.extractContent(FileProcessingAsyncListener.java:182) File content extracted in 22ms: d56ca177-11c2-44be-8231-7a01f4f300a1 
29 Apr 2024 18:45:55,302 INFO com.sismics.docs.core.util.FileUtil.endProcessingFile(FileUtil.java:231) Processing ended for file: d56ca177-11c2-44be-8231-7a01f4f300a1 
29 Apr 2024 18:45:55,303 INFO com.sismics.docs.core.listener.async.DocumentUpdatedAsyncListener.on(DocumentUpdatedAsyncListener.java:39) Document updated event: DocumentUpdatedAsyncEvent{documentId=ad16bd03-67a2-4781-ac6e-b2384913e1b2} 
29 Apr 2024 18:45:55,945 INFO org.subethamail.smtp.server.SMTPServer.run(SMTPServer.java:333) SMTP Server socket shut down. 
29 Apr 2024 18:45:55,952 INFO com.sismics.docs.core.service.InboxService.shutDown(InboxService.java:60) Inbox service shutting down 
29 Apr 2024 18:45:55,953 INFO com.sismics.docs.core.service.FileService.shutDown(FileService.java:44) File service shutting down 
]]></system-out>
  </testcase>
  <testcase name="testPptxExtraction" classname="com.sismics.docs.rest.TestDocumentResource" time="34.556">
    <system-out><![CDATA[29 Apr 2024 18:45:55,956 INFO org.glassfish.jersey.test.external.ExternalTestContainerFactory$ExternalTestContainer.<init>(ExternalTestContainerFactory.java:91) Creating ExternalTestContainer configured at the base URI http://localhost:9998/docs 
29 Apr 2024 18:45:56,610 INFO com.sismics.util.filter.RequestContextFilter.init(RequestContextFilter.java:43) Using base data directory: /tmp 
29 Apr 2024 18:46:04,055 INFO com.sismics.util.ClasspathScanner.findClasses(ClasspathScanner.java:48) Found 1 classes for IndexingHandler 
29 Apr 2024 18:46:04,056 INFO com.sismics.docs.core.util.indexing.LuceneIndexingHandler.initLucene(LuceneIndexingHandler.java:115) Using RAM Lucene storage 
29 Apr 2024 18:46:04,058 INFO com.sismics.docs.core.service.FileService.startUp(FileService.java:39) File service starting up 
29 Apr 2024 18:46:04,059 INFO com.sismics.docs.core.service.InboxService.startUp(InboxService.java:55) Inbox service starting up 
29 Apr 2024 18:46:05,024 INFO com.sismics.docs.core.listener.async.DocumentCreatedAsyncListener.on(DocumentCreatedAsyncListener.java:35) Document created event: DocumentCreatedAsyncEvent{documentId=eb164410-cc44-4657-84a3-1fce23c729e0} 
29 Apr 2024 18:46:05,399 INFO com.sismics.docs.core.util.FileUtil.startProcessingFile(FileUtil.java:221) Processing started for file: f7d7851e-166d-4e8b-887f-089b501c841a 
29 Apr 2024 18:46:05,418 INFO com.sismics.docs.core.listener.async.FileProcessingAsyncListener.on(FileProcessingAsyncListener.java:53) File created event: FileCreatedAsyncEvent{fileId=f7d7851e-166d-4e8b-887f-089b501c841a, language=eng} 
29 Apr 2024 18:46:15,807 INFO com.sismics.docs.core.listener.async.FileProcessingAsyncListener.extractContent(FileProcessingAsyncListener.java:176) Start extracting content from: File{id=f7d7851e-166d-4e8b-887f-089b501c841a, name=apache.pptx} 
29 Apr 2024 18:46:15,983 INFO com.sismics.docs.core.listener.async.FileProcessingAsyncListener.extractContent(FileProcessingAsyncListener.java:182) File content extracted in 176ms: f7d7851e-166d-4e8b-887f-089b501c841a 
29 Apr 2024 18:46:15,995 INFO com.sismics.docs.core.util.FileUtil.endProcessingFile(FileUtil.java:231) Processing ended for file: f7d7851e-166d-4e8b-887f-089b501c841a 
29 Apr 2024 18:46:15,996 INFO com.sismics.docs.core.listener.async.DocumentUpdatedAsyncListener.on(DocumentUpdatedAsyncListener.java:39) Document updated event: DocumentUpdatedAsyncEvent{documentId=eb164410-cc44-4657-84a3-1fce23c729e0} 
29 Apr 2024 18:46:30,501 INFO org.subethamail.smtp.server.SMTPServer.run(SMTPServer.java:333) SMTP Server socket shut down. 
29 Apr 2024 18:46:30,509 INFO com.sismics.docs.core.service.InboxService.shutDown(InboxService.java:60) Inbox service shutting down 
29 Apr 2024 18:46:30,510 INFO com.sismics.docs.core.service.FileService.shutDown(FileService.java:44) File service shutting down 
]]></system-out>
  </testcase>
  <testcase name="testCustomMetadata" classname="com.sismics.docs.rest.TestDocumentResource" time="8.972">
    <system-out><![CDATA[29 Apr 2024 18:46:30,513 INFO org.glassfish.jersey.test.external.ExternalTestContainerFactory$ExternalTestContainer.<init>(ExternalTestContainerFactory.java:91) Creating ExternalTestContainer configured at the base URI http://localhost:9998/docs 
29 Apr 2024 18:46:31,174 INFO com.sismics.util.filter.RequestContextFilter.init(RequestContextFilter.java:43) Using base data directory: /tmp 
29 Apr 2024 18:46:37,767 INFO com.sismics.util.ClasspathScanner.findClasses(ClasspathScanner.java:48) Found 1 classes for IndexingHandler 
29 Apr 2024 18:46:37,769 INFO com.sismics.docs.core.util.indexing.LuceneIndexingHandler.initLucene(LuceneIndexingHandler.java:115) Using RAM Lucene storage 
29 Apr 2024 18:46:37,770 INFO com.sismics.docs.core.service.FileService.startUp(FileService.java:39) File service starting up 
29 Apr 2024 18:46:37,772 INFO com.sismics.docs.core.service.InboxService.startUp(InboxService.java:55) Inbox service starting up 
29 Apr 2024 18:46:38,861 INFO com.sismics.docs.core.listener.async.DocumentCreatedAsyncListener.on(DocumentCreatedAsyncListener.java:35) Document created event: DocumentCreatedAsyncEvent{documentId=88f67761-c2ed-40ce-85db-b217354a8b2b} 
29 Apr 2024 18:46:39,112 INFO com.sismics.docs.core.listener.async.DocumentUpdatedAsyncListener.on(DocumentUpdatedAsyncListener.java:39) Document updated event: DocumentUpdatedAsyncEvent{documentId=88f67761-c2ed-40ce-85db-b217354a8b2b} 
29 Apr 2024 18:46:39,321 INFO com.sismics.docs.core.listener.async.DocumentUpdatedAsyncListener.on(DocumentUpdatedAsyncListener.java:39) Document updated event: DocumentUpdatedAsyncEvent{documentId=88f67761-c2ed-40ce-85db-b217354a8b2b} 
29 Apr 2024 18:46:39,481 INFO org.subethamail.smtp.server.SMTPServer.run(SMTPServer.java:333) SMTP Server socket shut down. 
29 Apr 2024 18:46:39,482 INFO com.sismics.docs.core.service.InboxService.shutDown(InboxService.java:60) Inbox service shutting down 
29 Apr 2024 18:46:39,482 INFO com.sismics.docs.core.service.FileService.shutDown(FileService.java:44) File service shutting down 
]]></system-out>
  </testcase>
  <testcase name="testOdtExtraction" classname="com.sismics.docs.rest.TestDocumentResource" time="15.942">
    <system-out><![CDATA[29 Apr 2024 18:46:39,490 INFO org.glassfish.jersey.test.external.ExternalTestContainerFactory$ExternalTestContainer.<init>(ExternalTestContainerFactory.java:91) Creating ExternalTestContainer configured at the base URI http://localhost:9998/docs 
29 Apr 2024 18:46:40,290 INFO com.sismics.util.filter.RequestContextFilter.init(RequestContextFilter.java:43) Using base data directory: /tmp 
29 Apr 2024 18:46:47,145 INFO com.sismics.util.ClasspathScanner.findClasses(ClasspathScanner.java:48) Found 1 classes for IndexingHandler 
29 Apr 2024 18:46:47,147 INFO com.sismics.docs.core.util.indexing.LuceneIndexingHandler.initLucene(LuceneIndexingHandler.java:115) Using RAM Lucene storage 
29 Apr 2024 18:46:47,148 INFO com.sismics.docs.core.service.FileService.startUp(FileService.java:39) File service starting up 
29 Apr 2024 18:46:47,151 INFO com.sismics.docs.core.service.InboxService.startUp(InboxService.java:55) Inbox service starting up 
29 Apr 2024 18:46:48,367 INFO com.sismics.docs.core.listener.async.DocumentCreatedAsyncListener.on(DocumentCreatedAsyncListener.java:35) Document created event: DocumentCreatedAsyncEvent{documentId=6d7e623c-f8bb-4225-b9c5-d9eb118d9333} 
29 Apr 2024 18:46:48,499 INFO com.sismics.docs.core.util.FileUtil.startProcessingFile(FileUtil.java:221) Processing started for file: 27bde467-230a-4f2d-93c7-0a851f3105e5 
29 Apr 2024 18:46:48,510 INFO com.sismics.docs.core.listener.async.FileProcessingAsyncListener.on(FileProcessingAsyncListener.java:53) File created event: FileCreatedAsyncEvent{fileId=27bde467-230a-4f2d-93c7-0a851f3105e5, language=eng} 
29 Apr 2024 18:46:54,872 WARN org.apache.pdfbox.pdmodel.font.PDType1Font.<init>(PDType1Font.java:296) Using fallback font LiberationSans for Helvetica 
29 Apr 2024 18:46:54,994 INFO com.sismics.docs.core.listener.async.FileProcessingAsyncListener.extractContent(FileProcessingAsyncListener.java:176) Start extracting content from: File{id=27bde467-230a-4f2d-93c7-0a851f3105e5, name=document.odt} 
29 Apr 2024 18:46:55,011 WARN org.apache.pdfbox.pdmodel.font.PDType1Font.<init>(PDType1Font.java:296) Using fallback font LiberationSans for Helvetica 
29 Apr 2024 18:46:55,012 INFO com.sismics.docs.core.listener.async.FileProcessingAsyncListener.extractContent(FileProcessingAsyncListener.java:182) File content extracted in 18ms: 27bde467-230a-4f2d-93c7-0a851f3105e5 
29 Apr 2024 18:46:55,017 INFO com.sismics.docs.core.util.FileUtil.endProcessingFile(FileUtil.java:231) Processing ended for file: 27bde467-230a-4f2d-93c7-0a851f3105e5 
29 Apr 2024 18:46:55,018 INFO com.sismics.docs.core.listener.async.DocumentUpdatedAsyncListener.on(DocumentUpdatedAsyncListener.java:39) Document updated event: DocumentUpdatedAsyncEvent{documentId=6d7e623c-f8bb-4225-b9c5-d9eb118d9333} 
29 Apr 2024 18:46:55,419 INFO org.subethamail.smtp.server.SMTPServer.run(SMTPServer.java:333) SMTP Server socket shut down. 
29 Apr 2024 18:46:55,427 INFO com.sismics.docs.core.service.InboxService.shutDown(InboxService.java:60) Inbox service shutting down 
29 Apr 2024 18:46:55,427 INFO com.sismics.docs.core.service.FileService.shutDown(FileService.java:44) File service shutting down 
]]></system-out>
  </testcase>
  <testcase name="testPlainTextExtraction" classname="com.sismics.docs.rest.TestDocumentResource" time="8.427">
    <system-out><![CDATA[29 Apr 2024 18:46:55,429 INFO org.glassfish.jersey.test.external.ExternalTestContainerFactory$ExternalTestContainer.<init>(ExternalTestContainerFactory.java:91) Creating ExternalTestContainer configured at the base URI http://localhost:9998/docs 
29 Apr 2024 18:46:56,068 INFO com.sismics.util.filter.RequestContextFilter.init(RequestContextFilter.java:43) Using base data directory: /tmp 
29 Apr 2024 18:47:02,554 INFO com.sismics.util.ClasspathScanner.findClasses(ClasspathScanner.java:48) Found 1 classes for IndexingHandler 
29 Apr 2024 18:47:02,555 INFO com.sismics.docs.core.util.indexing.LuceneIndexingHandler.initLucene(LuceneIndexingHandler.java:115) Using RAM Lucene storage 
29 Apr 2024 18:47:02,557 INFO com.sismics.docs.core.service.FileService.startUp(FileService.java:39) File service starting up 
29 Apr 2024 18:47:02,558 INFO com.sismics.docs.core.service.InboxService.startUp(InboxService.java:55) Inbox service starting up 
29 Apr 2024 18:47:03,381 INFO com.sismics.docs.core.listener.async.DocumentCreatedAsyncListener.on(DocumentCreatedAsyncListener.java:35) Document created event: DocumentCreatedAsyncEvent{documentId=b8695dcd-9ca1-42d5-bcba-c460caa9a3c9} 
29 Apr 2024 18:47:03,501 INFO com.sismics.docs.core.util.FileUtil.startProcessingFile(FileUtil.java:221) Processing started for file: d476da17-c739-4034-8193-8defe011f7e8 
29 Apr 2024 18:47:03,514 INFO com.sismics.docs.core.listener.async.FileProcessingAsyncListener.on(FileProcessingAsyncListener.java:53) File created event: FileCreatedAsyncEvent{fileId=d476da17-c739-4034-8193-8defe011f7e8, language=eng} 
29 Apr 2024 18:47:03,537 WARN org.apache.pdfbox.pdmodel.font.PDTrueTypeFont.<init>(PDTrueTypeFont.java:220) Using fallback font 'LiberationSans' for 'LiberationMono' 
29 Apr 2024 18:47:03,666 INFO com.sismics.docs.core.listener.async.FileProcessingAsyncListener.extractContent(FileProcessingAsyncListener.java:176) Start extracting content from: File{id=d476da17-c739-4034-8193-8defe011f7e8, name=document.txt} 
29 Apr 2024 18:47:03,667 INFO com.sismics.docs.core.listener.async.FileProcessingAsyncListener.extractContent(FileProcessingAsyncListener.java:182) File content extracted in 1ms: d476da17-c739-4034-8193-8defe011f7e8 
29 Apr 2024 18:47:03,674 INFO com.sismics.docs.core.util.FileUtil.endProcessingFile(FileUtil.java:231) Processing ended for file: d476da17-c739-4034-8193-8defe011f7e8 
29 Apr 2024 18:47:03,675 INFO com.sismics.docs.core.listener.async.DocumentUpdatedAsyncListener.on(DocumentUpdatedAsyncListener.java:39) Document updated event: DocumentUpdatedAsyncEvent{documentId=b8695dcd-9ca1-42d5-bcba-c460caa9a3c9} 
29 Apr 2024 18:47:03,846 INFO org.subethamail.smtp.server.SMTPServer.run(SMTPServer.java:333) SMTP Server socket shut down. 
29 Apr 2024 18:47:03,853 INFO com.sismics.docs.core.service.InboxService.shutDown(InboxService.java:60) Inbox service shutting down 
29 Apr 2024 18:47:03,853 INFO com.sismics.docs.core.service.FileService.shutDown(FileService.java:44) File service shutting down 
]]></system-out>
  </testcase>
  <testcase name="testDocumentResource" classname="com.sismics.docs.rest.TestDocumentResource" time="24.348">
    <system-out><![CDATA[29 Apr 2024 18:47:03,856 INFO org.glassfish.jersey.test.external.ExternalTestContainerFactory$ExternalTestContainer.<init>(ExternalTestContainerFactory.java:91) Creating ExternalTestContainer configured at the base URI http://localhost:9998/docs 
29 Apr 2024 18:47:04,447 INFO com.sismics.util.filter.RequestContextFilter.init(RequestContextFilter.java:43) Using base data directory: /tmp 
29 Apr 2024 18:47:11,583 INFO com.sismics.util.ClasspathScanner.findClasses(ClasspathScanner.java:48) Found 1 classes for IndexingHandler 
29 Apr 2024 18:47:11,584 INFO com.sismics.docs.core.util.indexing.LuceneIndexingHandler.initLucene(LuceneIndexingHandler.java:115) Using RAM Lucene storage 
29 Apr 2024 18:47:11,586 INFO com.sismics.docs.core.service.FileService.startUp(FileService.java:39) File service starting up 
29 Apr 2024 18:47:11,588 INFO com.sismics.docs.core.service.InboxService.startUp(InboxService.java:55) Inbox service starting up 
29 Apr 2024 18:47:12,710 INFO com.sismics.docs.core.listener.async.DocumentCreatedAsyncListener.on(DocumentCreatedAsyncListener.java:35) Document created event: DocumentCreatedAsyncEvent{documentId=c5f4aba1-c431-42d7-bd76-3233b524a410} 
29 Apr 2024 18:47:12,737 INFO com.sismics.docs.core.listener.async.DocumentCreatedAsyncListener.on(DocumentCreatedAsyncListener.java:35) Document created event: DocumentCreatedAsyncEvent{documentId=b41f06ad-f6eb-4bd9-87d4-63531ef5a2de} 
29 Apr 2024 18:47:12,901 INFO com.sismics.docs.core.util.FileUtil.startProcessingFile(FileUtil.java:221) Processing started for file: ce71e8a4-fdd1-442f-bfc1-896261d69c9f 
29 Apr 2024 18:47:12,928 INFO com.sismics.docs.core.listener.async.FileProcessingAsyncListener.on(FileProcessingAsyncListener.java:53) File created event: FileCreatedAsyncEvent{fileId=ce71e8a4-fdd1-442f-bfc1-896261d69c9f, language=eng} 
29 Apr 2024 18:47:13,214 INFO com.sismics.docs.core.listener.async.FileProcessingAsyncListener.extractContent(FileProcessingAsyncListener.java:176) Start extracting content from: File{id=ce71e8a4-fdd1-442f-bfc1-896261d69c9f, name=Einstein-Roosevelt-letter.png} 
29 Apr 2024 18:47:17,148 INFO com.sismics.docs.core.listener.async.FileProcessingAsyncListener.extractContent(FileProcessingAsyncListener.java:182) File content extracted in 3,934ms: ce71e8a4-fdd1-442f-bfc1-896261d69c9f 
29 Apr 2024 18:47:17,154 INFO com.sismics.docs.core.util.FileUtil.endProcessingFile(FileUtil.java:231) Processing ended for file: ce71e8a4-fdd1-442f-bfc1-896261d69c9f 
29 Apr 2024 18:47:17,155 INFO com.sismics.docs.core.listener.async.DocumentUpdatedAsyncListener.on(DocumentUpdatedAsyncListener.java:39) Document updated event: DocumentUpdatedAsyncEvent{documentId=c5f4aba1-c431-42d7-bd76-3233b524a410} 
29 Apr 2024 18:47:17,230 INFO com.sismics.docs.core.listener.async.DocumentUpdatedAsyncListener.on(DocumentUpdatedAsyncListener.java:39) Document updated event: DocumentUpdatedAsyncEvent{documentId=c5f4aba1-c431-42d7-bd76-3233b524a410} 
29 Apr 2024 18:47:17,451 INFO com.sismics.docs.core.listener.async.DocumentCreatedAsyncListener.on(DocumentCreatedAsyncListener.java:35) Document created event: DocumentCreatedAsyncEvent{documentId=221b1f01-0164-4ff3-bcfa-e54acbdb9011} 
29 Apr 2024 18:47:17,679 INFO com.sismics.docs.core.util.FileUtil.startProcessingFile(FileUtil.java:221) Processing started for file: ce29dbbd-33b7-47f7-a68e-bddc67de984f 
29 Apr 2024 18:47:17,703 INFO com.sismics.docs.core.listener.async.FileProcessingAsyncListener.on(FileProcessingAsyncListener.java:53) File created event: FileCreatedAsyncEvent{fileId=ce29dbbd-33b7-47f7-a68e-bddc67de984f, language=eng} 
29 Apr 2024 18:47:17,973 INFO com.sismics.docs.core.listener.async.FileProcessingAsyncListener.extractContent(FileProcessingAsyncListener.java:176) Start extracting content from: File{id=ce29dbbd-33b7-47f7-a68e-bddc67de984f, name=Einstein-Roosevelt-letter.png} 
29 Apr 2024 18:47:21,491 INFO com.sismics.docs.core.listener.async.FileProcessingAsyncListener.extractContent(FileProcessingAsyncListener.java:182) File content extracted in 3,517ms: ce29dbbd-33b7-47f7-a68e-bddc67de984f 
29 Apr 2024 18:47:21,497 INFO com.sismics.docs.core.util.FileUtil.endProcessingFile(FileUtil.java:231) Processing ended for file: ce29dbbd-33b7-47f7-a68e-bddc67de984f 
29 Apr 2024 18:47:21,498 INFO com.sismics.docs.core.listener.async.DocumentUpdatedAsyncListener.on(DocumentUpdatedAsyncListener.java:39) Document updated event: DocumentUpdatedAsyncEvent{documentId=221b1f01-0164-4ff3-bcfa-e54acbdb9011} 
29 Apr 2024 18:47:26,870 INFO com.sismics.docs.core.listener.async.DocumentUpdatedAsyncListener.on(DocumentUpdatedAsyncListener.java:39) Document updated event: DocumentUpdatedAsyncEvent{documentId=c5f4aba1-c431-42d7-bd76-3233b524a410} 
29 Apr 2024 18:47:26,896 INFO com.sismics.docs.core.listener.async.DocumentUpdatedAsyncListener.on(DocumentUpdatedAsyncListener.java:39) Document updated event: DocumentUpdatedAsyncEvent{documentId=b41f06ad-f6eb-4bd9-87d4-63531ef5a2de} 
29 Apr 2024 18:47:28,148 INFO com.sismics.docs.core.listener.async.FileDeletedAsyncListener.on(FileDeletedAsyncListener.java:33) File deleted event: FileDeletedAsyncEvent{fileId=ce71e8a4-fdd1-442f-bfc1-896261d69c9f} 
29 Apr 2024 18:47:28,152 INFO com.sismics.docs.core.listener.async.DocumentDeletedAsyncListener.on(DocumentDeletedAsyncListener.java:31) Document deleted event: DocumentDeletedAsyncEvent{documentId=c5f4aba1-c431-42d7-bd76-3233b524a410} 
29 Apr 2024 18:47:28,194 INFO org.subethamail.smtp.server.SMTPServer.run(SMTPServer.java:333) SMTP Server socket shut down. 
29 Apr 2024 18:47:28,195 INFO com.sismics.docs.core.service.InboxService.shutDown(InboxService.java:60) Inbox service shutting down 
29 Apr 2024 18:47:28,196 INFO com.sismics.docs.core.service.FileService.shutDown(FileService.java:44) File service shutting down 
]]></system-out>
  </testcase>
  <testcase name="testVideoExtraction" classname="com.sismics.docs.rest.TestDocumentResource" time="9.505">
    <failure message="expected:&lt;1&gt; but was:&lt;0&gt;" type="java.lang.AssertionError"><![CDATA[java.lang.AssertionError: expected:<1> but was:<0>
	at com.sismics.docs.rest.TestDocumentResource.testVideoExtraction(TestDocumentResource.java:672)
]]></failure>
    <system-out><![CDATA[29 Apr 2024 18:47:28,200 INFO org.glassfish.jersey.test.external.ExternalTestContainerFactory$ExternalTestContainer.<init>(ExternalTestContainerFactory.java:91) Creating ExternalTestContainer configured at the base URI http://localhost:9998/docs 
29 Apr 2024 18:47:28,836 INFO com.sismics.util.filter.RequestContextFilter.init(RequestContextFilter.java:43) Using base data directory: /tmp 
29 Apr 2024 18:47:35,197 INFO com.sismics.util.ClasspathScanner.findClasses(ClasspathScanner.java:48) Found 1 classes for IndexingHandler 
29 Apr 2024 18:47:35,198 INFO com.sismics.docs.core.util.indexing.LuceneIndexingHandler.initLucene(LuceneIndexingHandler.java:115) Using RAM Lucene storage 
29 Apr 2024 18:47:35,199 INFO com.sismics.docs.core.service.FileService.startUp(FileService.java:39) File service starting up 
29 Apr 2024 18:47:35,201 INFO com.sismics.docs.core.service.InboxService.startUp(InboxService.java:55) Inbox service starting up 
29 Apr 2024 18:47:36,121 INFO com.sismics.docs.core.listener.async.DocumentCreatedAsyncListener.on(DocumentCreatedAsyncListener.java:35) Document created event: DocumentCreatedAsyncEvent{documentId=286145ff-b5b7-4809-924d-fd6aac526b6d} 
29 Apr 2024 18:47:36,224 INFO com.sismics.docs.core.util.FileUtil.startProcessingFile(FileUtil.java:221) Processing started for file: d6c67d45-bcb8-4208-a904-e57bc7ea819f 
29 Apr 2024 18:47:36,234 INFO com.sismics.docs.core.listener.async.FileProcessingAsyncListener.on(FileProcessingAsyncListener.java:53) File created event: FileCreatedAsyncEvent{fileId=d6c67d45-bcb8-4208-a904-e57bc7ea819f, language=eng} 
29 Apr 2024 18:47:37,383 INFO com.sismics.docs.core.listener.async.FileProcessingAsyncListener.extractContent(FileProcessingAsyncListener.java:176) Start extracting content from: File{id=d6c67d45-bcb8-4208-a904-e57bc7ea819f, name=video.webm} 
29 Apr 2024 18:47:37,504 INFO com.sismics.docs.core.listener.async.FileProcessingAsyncListener.extractContent(FileProcessingAsyncListener.java:182) File content extracted in 121ms: d6c67d45-bcb8-4208-a904-e57bc7ea819f 
29 Apr 2024 18:47:37,511 INFO com.sismics.docs.core.util.FileUtil.endProcessingFile(FileUtil.java:231) Processing ended for file: d6c67d45-bcb8-4208-a904-e57bc7ea819f 
29 Apr 2024 18:47:37,512 INFO com.sismics.docs.core.listener.async.DocumentUpdatedAsyncListener.on(DocumentUpdatedAsyncListener.java:39) Document updated event: DocumentUpdatedAsyncEvent{documentId=286145ff-b5b7-4809-924d-fd6aac526b6d} 
29 Apr 2024 18:47:37,577 INFO org.subethamail.smtp.server.SMTPServer.run(SMTPServer.java:333) SMTP Server socket shut down. 
29 Apr 2024 18:47:37,584 INFO com.sismics.docs.core.service.InboxService.shutDown(InboxService.java:60) Inbox service shutting down 
29 Apr 2024 18:47:37,584 INFO com.sismics.docs.core.service.FileService.shutDown(FileService.java:44) File service shutting down 
]]></system-out>
  </testcase>
</testsuite>