<?xml version="1.0" encoding="UTF-8"?>
<testsuite xmlns:xsi="http://www.w3.org/2001/XMLSchema-instance" xsi:noNamespaceSchemaLocation="https://maven.apache.org/surefire/maven-surefire-plugin/xsd/surefire-test-report-3.0.xsd" version="3.0" name="com.sismics.docs.rest.TestFileResource" time="196.205" tests="5" errors="0" skipped="0" failures="0">
  <properties>
[...]
</properties>
  <testcase name="testQuota" classname="com.sismics.docs.rest.TestFileResource" time="89.191">
    <system-out><![CDATA[29 Apr 2024 18:47:57,653 INFO com.sismics.util.filter.RequestContextFilter.init(RequestContextFilter.java:43) Using base data directory: /tmp 
29 Apr 2024 18:48:32,191 INFO com.sismics.util.ClasspathScanner.findClasses(ClasspathScanner.java:48) Found 1 classes for IndexingHandler 
29 Apr 2024 18:48:32,773 INFO com.sismics.docs.core.util.indexing.LuceneIndexingHandler.initLucene(LuceneIndexingHandler.java:115) Using RAM Lucene storage 
29 Apr 2024 18:48:35,028 INFO com.sismics.docs.core.service.FileService.startUp(FileService.java:39) File service starting up 
29 Apr 2024 18:48:35,079 INFO com.sismics.docs.core.service.InboxService.startUp(InboxService.java:55) Inbox service starting up 
29 Apr 2024 18:48:47,889 INFO com.sismics.util.ClasspathScanner.findClasses(ClasspathScanner.java:48) Found 2 classes for AuthenticationHandler 
29 Apr 2024 18:48:53,635 INFO com.sismics.docs.core.util.FileUtil.startProcessingFile(FileUtil.java:221) Processing started for file: 6e9fdfa1-fab3-4470-95fa-de068ab672a5 
29 Apr 2024 18:48:53,767 INFO com.sismics.docs.core.listener.async.FileProcessingAsyncListener.on(FileProcessingAsyncListener.java:53) File created event: FileCreatedAsyncEvent{fileId=6e9fdfa1-fab3-4470-95fa-de068ab672a5, language=null} 
29 Apr 2024 18:48:59,929 INFO com.sismics.util.ClasspathScanner.findClasses(ClasspathScanner.java:48) Found 7 classes for FormatHandler 
29 Apr 2024 18:49:00,370 INFO com.sismics.docs.core.listener.async.FileProcessingAsyncListener.extractContent(FileProcessingAsyncListener.java:176) Start extracting content from: File{id=6e9fdfa1-fab3-4470-95fa-de068ab672a5, name=Einstein-Roosevelt-letter.png} 
29 Apr 2024 18:49:00,371 INFO com.sismics.docs.core.listener.async.FileProcessingAsyncListener.extractContent(FileProcessingAsyncListener.java:182) File content extracted in 0ms: 6e9fdfa1-fab3-4470-95fa-de068ab672a5 
29 Apr 2024 18:49:02,747 INFO com.sismics.docs.core.util.FileUtil.endProcessingFile(FileUtil.java:231) Processing ended for file: 6e9fdfa1-fab3-4470-95fa-de068ab672a5 
29 Apr 2024 18:49:03,161 INFO com.sismics.docs.core.util.FileUtil.startProcessingFile(FileUtil.java:221) Processing started for file: 564d4543-3380-47b9-a1f9-0270e2d84f53 
29 Apr 2024 18:49:03,180 INFO com.sismics.docs.core.listener.async.FileProcessingAsyncListener.on(FileProcessingAsyncListener.java:53) File created event: FileCreatedAsyncEvent{fileId=564d4543-3380-47b9-a1f9-0270e2d84f53, language=null} 
29 Apr 2024 18:49:03,491 INFO com.sismics.docs.core.listener.async.FileProcessingAsyncListener.extractContent(FileProcessingAsyncListener.java:176) Start extracting content from: File{id=564d4543-3380-47b9-a1f9-0270e2d84f53, name=Einstein-Roosevelt-letter.png} 
29 Apr 2024 18:49:03,492 INFO com.sismics.docs.core.listener.async.FileProcessingAsyncListener.extractContent(FileProcessingAsyncListener.java:182) File content extracted in 1ms: 564d4543-3380-47b9-a1f9-0270e2d84f53 
29 Apr 2024 18:49:03,503 INFO com.sismics.docs.core.util.FileUtil.endProcessingFile(FileUtil.java:231) Processing ended for file: 564d4543-3380-47b9-a1f9-0270e2d84f53 
29 Apr 2024 18:49:03,759 INFO com.sismics.docs.core.util.FileUtil.startProcessingFile(FileUtil.java:221) Processing started for file: f3fd5558-985b-4818-a84d-7cf18718b11a 
29 Apr 2024 18:49:03,777 INFO com.sismics.docs.core.listener.async.FileProcessingAsyncListener.on(FileProcessingAsyncListener.java:53) File created event: FileCreatedAsyncEvent{fileId=f3fd5558-985b-4818-a84d-7cf18718b11a, language=null} 
29 Apr 2024 18:49:04,096 INFO com.sismics.docs.core.listener.async.FileProcessingAsyncListener.extractContent(FileProcessingAsyncListener.java:176) Start extracting content from: File{id=f3fd5558-985b-4818-a84d-7cf18718b11a, name=Einstein-Roosevelt-letter.png} 
29 Apr 2024 18:49:04,097 INFO com.sismics.docs.core.listener.async.FileProcessingAsyncListener.extractContent(FileProcessingAsyncListener.java:182) File content extracted in 1ms: f3fd5558-985b-4818-a84d-7cf18718b11a 
29 Apr 2024 18:49:04,102 INFO com.sismics.docs.core.util.FileUtil.endProcessingFile(FileUtil.java:231) Processing ended for file: f3fd5558-985b-4818-a84d-7cf18718b11a 
29 Apr 2024 18:49:04,385 ERROR com.sismics.rest.exception.ClientException.<init>(ClientException.java:36) QuotaReached: QuotaReached 
java.io.IOException: QuotaReached
	at com.sismics.docs.core.util.FileUtil.createFile(FileUtil.java:130)
	at com.sismics.docs.rest.resource.FileResource.add(FileResource.java:129)
	at java.base/jdk.internal.reflect.NativeMethodAccessorImpl.invoke0(Native Method)
	at java.base/jdk.internal.reflect.NativeMethodAccessorImpl.invoke(NativeMethodAccessorImpl.java:62)
	at java.base/jdk.internal.reflect.DelegatingMethodAccessorImpl.invoke(DelegatingMethodAccessorImpl.java:43)
	at java.base/java.lang.reflect.Method.invoke(Method.java:566)
	at org.glassfish.jersey.server.model.internal.ResourceMethodInvocationHandlerFactory.lambda$static$0(ResourceMethodInvocationHandlerFactory.java:52)
	at org.glassfish.jersey.server.model.internal.AbstractJavaResourceMethodDispatcher$1.run(AbstractJavaResourceMethodDispatcher.java:124)
	at org.glassfish.jersey.server.model.internal.AbstractJavaResourceMethodDispatcher.invoke(AbstractJavaResourceMethodDispatcher.java:167)
	at org.glassfish.jersey.server.model.internal.JavaResourceMethodDispatcherProvider$ResponseOutInvoker.doDispatch(JavaResourceMethodDispatcherProvider.java:176)
	at org.glassfish.jersey.server.model.internal.AbstractJavaResourceMethodDispatcher.dispatch(AbstractJavaResourceMethodDispatcher.java:79)
	at org.glassfish.jersey.server.model.ResourceMethodInvoker.invoke(ResourceMethodInvoker.java:475)
	at org.glassfish.jersey.server.model.ResourceMethodInvoker.apply(ResourceMethodInvoker.java:397)
	at org.glassfish.jersey.server.model.ResourceMethodInvoker.apply(ResourceMethodInvoker.java:81)
	at org.glassfish.jersey.server.ServerRuntime$1.run(ServerRuntime.java:255)
	at org.glassfish.jersey.internal.Errors$1.call(Errors.java:248)
	at org.glassfish.jersey.internal.Errors$1.call(Errors.java:244)
	at org.glassfish.jersey.internal.Errors.process(Errors.java:292)
	at org.glassfish.jersey.internal.Errors.process(Errors.java:274)
	at org.glassfish.jersey.internal.Errors.process(Errors.java:244)
	at org.glassfish.jersey.process.internal.RequestScope.runInScope(RequestScope.java:265)
	at org.glassfish.jersey.server.ServerRuntime.process(ServerRuntime.java:234)
	at org.glassfish.jersey.server.ApplicationHandler.handle(ApplicationHandler.java:680)
	at org.glassfish.jersey.servlet.WebComponent.serviceImpl(WebComponent.java:394)
	at org.glassfish.jersey.servlet.WebComponent.service(WebComponent.java:346)
	at org.glassfish.jersey.servlet.ServletContainer.service(ServletContainer.java:366)
	at org.glassfish.jersey.servlet.ServletContainer.service(ServletContainer.java:319)
	at org.glassfish.jersey.servlet.ServletContainer.service(ServletContainer.java:205)
	at org.glassfish.grizzly.servlet.FilterChainImpl.doFilter(FilterChainImpl.java:124)
	at com.sismics.util.filter.SecurityFilter.doFilter(SecurityFilter.java:134)
	at org.glassfish.grizzly.servlet.FilterChainImpl.doFilter(FilterChainImpl.java:114)
	at com.sismics.util.filter.SecurityFilter.doFilter(SecurityFilter.java:134)
	at org.glassfish.grizzly.servlet.FilterChainImpl.doFilter(FilterChainImpl.java:114)
	at com.sismics.util.filter.RequestContextFilter.doFilter(RequestContextFilter.java:89)
	at org.glassfish.grizzly.servlet.FilterChainImpl.doFilter(FilterChainImpl.java:114)
	at org.glassfish.grizzly.servlet.FilterChainImpl.invokeFilterChain(FilterChainImpl.java:83)
	at org.glassfish.grizzly.servlet.ServletHandler.doServletService(ServletHandler.java:202)
	at org.glassfish.grizzly.servlet.ServletHandler.service(ServletHandler.java:149)
	at org.glassfish.grizzly.http.server.HttpHandler$1.run(HttpHandler.java:200)
	at org.glassfish.grizzly.threadpool.AbstractThreadPool$Worker.doWork(AbstractThreadPool.java:569)
	at org.glassfish.grizzly.threadpool.AbstractThreadPool$Worker.run(AbstractThreadPool.java:549)
	at java.base/java.lang.Thread.run(Thread.java:829)
29 Apr 2024 18:49:04,549 INFO com.sismics.docs.core.listener.async.FileDeletedAsyncListener.on(FileDeletedAsyncListener.java:33) File deleted event: FileDeletedAsyncEvent{fileId=6e9fdfa1-fab3-4470-95fa-de068ab672a5} 
29 Apr 2024 18:49:05,806 INFO com.sismics.docs.core.listener.async.DocumentCreatedAsyncListener.on(DocumentCreatedAsyncListener.java:35) Document created event: DocumentCreatedAsyncEvent{documentId=0cdc4a86-321e-4878-b414-7d11e3ca0ade} 
29 Apr 2024 18:49:06,082 INFO com.sismics.docs.core.util.FileUtil.startProcessingFile(FileUtil.java:221) Processing started for file: 945bd8be-fc7a-4411-abb5-f55b3a27b992 
29 Apr 2024 18:49:06,102 INFO com.sismics.docs.core.listener.async.FileProcessingAsyncListener.on(FileProcessingAsyncListener.java:53) File created event: FileCreatedAsyncEvent{fileId=945bd8be-fc7a-4411-abb5-f55b3a27b992, language=eng} 
29 Apr 2024 18:49:06,722 INFO com.sismics.docs.core.listener.async.FileProcessingAsyncListener.extractContent(FileProcessingAsyncListener.java:176) Start extracting content from: File{id=945bd8be-fc7a-4411-abb5-f55b3a27b992, name=PIA00452.jpg} 
29 Apr 2024 18:49:10,087 INFO com.sismics.docs.core.listener.async.FileProcessingAsyncListener.extractContent(FileProcessingAsyncListener.java:182) File content extracted in 3,364ms: 945bd8be-fc7a-4411-abb5-f55b3a27b992 
29 Apr 2024 18:49:10,103 INFO com.sismics.docs.core.util.FileUtil.endProcessingFile(FileUtil.java:231) Processing ended for file: 945bd8be-fc7a-4411-abb5-f55b3a27b992 
29 Apr 2024 18:49:10,105 INFO com.sismics.docs.core.listener.async.DocumentUpdatedAsyncListener.on(DocumentUpdatedAsyncListener.java:39) Document updated event: DocumentUpdatedAsyncEvent{documentId=0cdc4a86-321e-4878-b414-7d11e3ca0ade} 
29 Apr 2024 18:49:10,339 INFO com.sismics.docs.core.listener.async.FileDeletedAsyncListener.on(FileDeletedAsyncListener.java:33) File deleted event: FileDeletedAsyncEvent{fileId=945bd8be-fc7a-4411-abb5-f55b3a27b992} 
29 Apr 2024 18:49:10,350 INFO com.sismics.docs.core.listener.async.DocumentDeletedAsyncListener.on(DocumentDeletedAsyncListener.java:31) Document deleted event: DocumentDeletedAsyncEvent{documentId=0cdc4a86-321e-4878-b414-7d11e3ca0ade} 
29 Apr 2024 18:49:10,443 INFO org.subethamail.smtp.server.SMTPServer.run(SMTPServer.java:333) SMTP Server socket shut down. 
29 Apr 2024 18:49:10,494 INFO com.sismics.docs.core.service.InboxService.shutDown(InboxService.java:60) Inbox service shutting down 
29 Apr 2024 18:49:10,495 INFO com.sismics.docs.core.service.FileService.shutDown(FileService.java:44) File service shutting down 
]]></system-out>
    <system-err><![CDATA[Apr 29, 2024 6:47:42 PM org.glassfish.jersey.test.external.ExternalTestContainerFactory$ExternalTestContainer <init>
INFO: Creating ExternalTestContainer configured at the base URI http://localhost:9998/docs
Apr 29, 2024 6:47:45 PM org.glassfish.grizzly.servlet.WebappContext deploy
INFO: Starting application [GrizzlyContext] ...
Apr 29, 2024 6:47:46 PM org.glassfish.grizzly.servlet.WebappContext initServlets
INFO: Loading Servlet: org.glassfish.jersey.servlet.ServletContainer
Apr 29, 2024 6:47:56 PM org.glassfish.grizzly.servlet.WebappContext initServlets
INFO: [GrizzlyContext] Servlet [org.glassfish.jersey.servlet.ServletContainer] registered for url pattern(s) [[/*]].
]]></system-err>
  </testcase>
  <testcase name="testFileResourceZip" classname="com.sismics.docs.rest.TestFileResource" time="31.823">
    <system-out><![CDATA[29 Apr 2024 18:49:10,629 INFO org.glassfish.jersey.test.external.ExternalTestContainerFactory$ExternalTestContainer.<init>(ExternalTestContainerFactory.java:91) Creating ExternalTestContainer configured at the base URI http://localhost:9998/docs 
29 Apr 2024 18:49:12,327 INFO com.sismics.util.filter.RequestContextFilter.init(RequestContextFilter.java:43) Using base data directory: /tmp 
29 Apr 2024 18:49:30,337 INFO com.sismics.util.ClasspathScanner.findClasses(ClasspathScanner.java:48) Found 1 classes for IndexingHandler 
29 Apr 2024 18:49:30,340 INFO com.sismics.docs.core.util.indexing.LuceneIndexingHandler.initLucene(LuceneIndexingHandler.java:115) Using RAM Lucene storage 
29 Apr 2024 18:49:30,342 INFO com.sismics.docs.core.service.FileService.startUp(FileService.java:39) File service starting up 
29 Apr 2024 18:49:30,347 INFO com.sismics.docs.core.service.InboxService.startUp(InboxService.java:55) Inbox service starting up 
29 Apr 2024 18:49:32,407 INFO com.sismics.docs.core.listener.async.DocumentCreatedAsyncListener.on(DocumentCreatedAsyncListener.java:35) Document created event: DocumentCreatedAsyncEvent{documentId=e6febb83-4a94-4bd1-a6b0-046098c6143f} 
29 Apr 2024 18:49:32,687 INFO com.sismics.docs.core.util.FileUtil.startProcessingFile(FileUtil.java:221) Processing started for file: 2b4454ce-01e0-479b-bfec-568291b27151 
29 Apr 2024 18:49:32,728 INFO com.sismics.docs.core.listener.async.FileProcessingAsyncListener.on(FileProcessingAsyncListener.java:53) File created event: FileCreatedAsyncEvent{fileId=2b4454ce-01e0-479b-bfec-568291b27151, language=eng} 
29 Apr 2024 18:49:32,903 INFO com.sismics.docs.core.listener.async.FileProcessingAsyncListener.extractContent(FileProcessingAsyncListener.java:176) Start extracting content from: File{id=2b4454ce-01e0-479b-bfec-568291b27151, name=PIA00452.jpg} 
29 Apr 2024 18:49:37,235 INFO com.sismics.docs.core.listener.async.FileProcessingAsyncListener.extractContent(FileProcessingAsyncListener.java:182) File content extracted in 4,330ms: 2b4454ce-01e0-479b-bfec-568291b27151 
29 Apr 2024 18:49:37,256 INFO com.sismics.docs.core.util.FileUtil.endProcessingFile(FileUtil.java:231) Processing ended for file: 2b4454ce-01e0-479b-bfec-568291b27151 
29 Apr 2024 18:49:37,258 INFO com.sismics.docs.core.listener.async.DocumentUpdatedAsyncListener.on(DocumentUpdatedAsyncListener.java:39) Document updated event: DocumentUpdatedAsyncEvent{documentId=e6febb83-4a94-4bd1-a6b0-046098c6143f} 
29 Apr 2024 18:49:37,393 INFO com.sismics.docs.core.listener.async.DocumentCreatedAsyncListener.on(DocumentCreatedAsyncListener.java:35) Document created event: DocumentCreatedAsyncEvent{documentId=db35bd3d-1700-4f72-9e76-554cf5bdf645} 
29 Apr 2024 18:49:37,706 INFO com.sismics.docs.core.util.FileUtil.startProcessingFile(FileUtil.java:221) Processing started for file: 63b7ea1e-caa4-411c-868e-45fef3e40d52 
29 Apr 2024 18:49:37,741 INFO com.sismics.docs.core.listener.async.FileProcessingAsyncListener.on(FileProcessingAsyncListener.java:53) File created event: FileCreatedAsyncEvent{fileId=63b7ea1e-caa4-411c-868e-45fef3e40d52, language=eng} 
29 Apr 2024 18:49:38,032 INFO com.sismics.docs.core.listener.async.FileProcessingAsyncListener.extractContent(FileProcessingAsyncListener.java:176) Start extracting content from: File{id=63b7ea1e-caa4-411c-868e-45fef3e40d52, name=Einstein-Roosevelt-letter.png} 
29 Apr 2024 18:49:41,973 INFO com.sismics.docs.core.listener.async.FileProcessingAsyncListener.extractContent(FileProcessingAsyncListener.java:182) File content extracted in 3,940ms: 63b7ea1e-caa4-411c-868e-45fef3e40d52 
29 Apr 2024 18:49:42,297 INFO com.sismics.docs.core.util.FileUtil.endProcessingFile(FileUtil.java:231) Processing ended for file: 63b7ea1e-caa4-411c-868e-45fef3e40d52 
29 Apr 2024 18:49:42,300 INFO com.sismics.docs.core.listener.async.DocumentUpdatedAsyncListener.on(DocumentUpdatedAsyncListener.java:39) Document updated event: DocumentUpdatedAsyncEvent{documentId=db35bd3d-1700-4f72-9e76-554cf5bdf645} 
29 Apr 2024 18:49:42,435 INFO org.subethamail.smtp.server.SMTPServer.run(SMTPServer.java:333) SMTP Server socket shut down. 
29 Apr 2024 18:49:42,437 INFO com.sismics.docs.core.service.InboxService.shutDown(InboxService.java:60) Inbox service shutting down 
29 Apr 2024 18:49:42,438 INFO com.sismics.docs.core.service.FileService.shutDown(FileService.java:44) File service shutting down 
]]></system-out>
  </testcase>
  <testcase name="testFileResource" classname="com.sismics.docs.rest.TestFileResource" time="38.196">
    <system-out><![CDATA[29 Apr 2024 18:49:42,457 INFO org.glassfish.jersey.test.external.ExternalTestContainerFactory$ExternalTestContainer.<init>(ExternalTestContainerFactory.java:91) Creating ExternalTestContainer configured at the base URI http://localhost:9998/docs 
29 Apr 2024 18:49:44,137 INFO com.sismics.util.filter.RequestContextFilter.init(RequestContextFilter.java:43) Using base data directory: /tmp 
29 Apr 2024 18:50:01,641 INFO com.sismics.util.ClasspathScanner.findClasses(ClasspathScanner.java:48) Found 1 classes for IndexingHandler 
29 Apr 2024 18:50:01,643 INFO com.sismics.docs.core.util.indexing.LuceneIndexingHandler.initLucene(LuceneIndexingHandler.java:115) Using RAM Lucene storage 
29 Apr 2024 18:50:01,645 INFO com.sismics.docs.core.service.FileService.startUp(FileService.java:39) File service starting up 
29 Apr 2024 18:50:01,648 INFO com.sismics.docs.core.service.InboxService.startUp(InboxService.java:55) Inbox service starting up 
29 Apr 2024 18:50:03,557 INFO com.sismics.docs.core.listener.async.DocumentCreatedAsyncListener.on(DocumentCreatedAsyncListener.java:35) Document created event: DocumentCreatedAsyncEvent{documentId=6273e93d-7194-4e66-aadf-6ea8e2ce01a0} 
29 Apr 2024 18:50:03,874 INFO com.sismics.docs.core.util.FileUtil.startProcessingFile(FileUtil.java:221) Processing started for file: f1d11a44-ae4c-4393-8a95-e66f5985adfb 
29 Apr 2024 18:50:03,910 INFO com.sismics.docs.core.listener.async.FileProcessingAsyncListener.on(FileProcessingAsyncListener.java:53) File created event: FileCreatedAsyncEvent{fileId=f1d11a44-ae4c-4393-8a95-e66f5985adfb, language=eng} 
29 Apr 2024 18:50:04,110 INFO com.sismics.docs.core.listener.async.FileProcessingAsyncListener.extractContent(FileProcessingAsyncListener.java:176) Start extracting content from: File{id=f1d11a44-ae4c-4393-8a95-e66f5985adfb, name=PIA00452.jpg} 
29 Apr 2024 18:50:06,570 INFO com.sismics.docs.core.listener.async.FileProcessingAsyncListener.extractContent(FileProcessingAsyncListener.java:182) File content extracted in 2,459ms: f1d11a44-ae4c-4393-8a95-e66f5985adfb 
29 Apr 2024 18:50:06,621 INFO com.sismics.docs.core.util.FileUtil.endProcessingFile(FileUtil.java:231) Processing ended for file: f1d11a44-ae4c-4393-8a95-e66f5985adfb 
29 Apr 2024 18:50:06,623 INFO com.sismics.docs.core.listener.async.DocumentUpdatedAsyncListener.on(DocumentUpdatedAsyncListener.java:39) Document updated event: DocumentUpdatedAsyncEvent{documentId=6273e93d-7194-4e66-aadf-6ea8e2ce01a0} 
29 Apr 2024 18:50:06,939 INFO com.sismics.docs.core.util.FileUtil.startProcessingFile(FileUtil.java:221) Processing started for file: 55b5545c-c3cf-4600-a9ef-89e1dde44146 
29 Apr 2024 18:50:06,962 INFO com.sismics.docs.core.listener.async.FileProcessingAsyncListener.on(FileProcessingAsyncListener.java:53) File created event: FileCreatedAsyncEvent{fileId=55b5545c-c3cf-4600-a9ef-89e1dde44146, language=eng} 
29 Apr 2024 18:50:07,148 INFO com.sismics.docs.core.listener.async.FileProcessingAsyncListener.extractContent(FileProcessingAsyncListener.java:176) Start extracting content from: File{id=55b5545c-c3cf-4600-a9ef-89e1dde44146, name=PIA00452.jpg} 
29 Apr 2024 18:50:09,556 INFO com.sismics.docs.core.listener.async.FileProcessingAsyncListener.extractContent(FileProcessingAsyncListener.java:182) File content extracted in 2,407ms: 55b5545c-c3cf-4600-a9ef-89e1dde44146 
29 Apr 2024 18:50:09,564 INFO com.sismics.docs.core.util.FileUtil.endProcessingFile(FileUtil.java:231) Processing ended for file: 55b5545c-c3cf-4600-a9ef-89e1dde44146 
29 Apr 2024 18:50:09,567 INFO com.sismics.docs.core.listener.async.DocumentUpdatedAsyncListener.on(DocumentUpdatedAsyncListener.java:39) Document updated event: DocumentUpdatedAsyncEvent{documentId=6273e93d-7194-4e66-aadf-6ea8e2ce01a0} 
29 Apr 2024 18:50:10,291 INFO com.sismics.docs.core.listener.async.DocumentUpdatedAsyncListener.on(DocumentUpdatedAsyncListener.java:39) Document updated event: DocumentUpdatedAsyncEvent{documentId=6273e93d-7194-4e66-aadf-6ea8e2ce01a0} 
29 Apr 2024 18:50:10,573 INFO com.sismics.docs.core.listener.async.FileDeletedAsyncListener.on(FileDeletedAsyncListener.java:33) File deleted event: FileDeletedAsyncEvent{fileId=f1d11a44-ae4c-4393-8a95-e66f5985adfb} 
29 Apr 2024 18:50:10,579 INFO com.sismics.docs.core.listener.async.DocumentUpdatedAsyncListener.on(DocumentUpdatedAsyncListener.java:39) Document updated event: DocumentUpdatedAsyncEvent{documentId=6273e93d-7194-4e66-aadf-6ea8e2ce01a0} 
29 Apr 2024 18:50:10,751 INFO com.sismics.docs.core.util.FileUtil.startProcessingFile(FileUtil.java:221) Processing started for file: 55b5545c-c3cf-4600-a9ef-89e1dde44146 
29 Apr 2024 18:50:10,780 INFO com.sismics.docs.core.listener.async.FileProcessingAsyncListener.on(FileProcessingAsyncListener.java:67) File updated event: FileUpdatedAsyncEvent{fileId=55b5545c-c3cf-4600-a9ef-89e1dde44146, language=eng} 
29 Apr 2024 18:50:10,947 INFO com.sismics.docs.core.listener.async.FileProcessingAsyncListener.extractContent(FileProcessingAsyncListener.java:176) Start extracting content from: File{id=55b5545c-c3cf-4600-a9ef-89e1dde44146, name=PIA00452.jpg} 
29 Apr 2024 18:50:13,305 INFO com.sismics.docs.core.listener.async.FileProcessingAsyncListener.extractContent(FileProcessingAsyncListener.java:182) File content extracted in 2,358ms: 55b5545c-c3cf-4600-a9ef-89e1dde44146 
29 Apr 2024 18:50:13,313 INFO com.sismics.docs.core.util.FileUtil.endProcessingFile(FileUtil.java:231) Processing ended for file: 55b5545c-c3cf-4600-a9ef-89e1dde44146 
29 Apr 2024 18:50:13,669 INFO com.sismics.docs.core.util.FileUtil.startProcessingFile(FileUtil.java:221) Processing started for file: 690f9f64-65f4-4f95-9b48-dadba016b678 
29 Apr 2024 18:50:13,700 INFO com.sismics.docs.core.listener.async.FileProcessingAsyncListener.on(FileProcessingAsyncListener.java:53) File created event: FileCreatedAsyncEvent{fileId=690f9f64-65f4-4f95-9b48-dadba016b678, language=eng} 
29 Apr 2024 18:50:19,824 WARN org.apache.pdfbox.pdmodel.font.PDTrueTypeFont.<init>(PDTrueTypeFont.java:220) Using fallback font 'LiberationSans' for 'LiberationMono' 
29 Apr 2024 18:50:20,298 INFO com.sismics.docs.core.listener.async.FileProcessingAsyncListener.extractContent(FileProcessingAsyncListener.java:176) Start extracting content from: File{id=690f9f64-65f4-4f95-9b48-dadba016b678, name=document.txt} 
29 Apr 2024 18:50:20,299 INFO com.sismics.docs.core.listener.async.FileProcessingAsyncListener.extractContent(FileProcessingAsyncListener.java:182) File content extracted in 1ms: 690f9f64-65f4-4f95-9b48-dadba016b678 
29 Apr 2024 18:50:20,307 INFO com.sismics.docs.core.util.FileUtil.endProcessingFile(FileUtil.java:231) Processing ended for file: 690f9f64-65f4-4f95-9b48-dadba016b678 
29 Apr 2024 18:50:20,310 INFO com.sismics.docs.core.listener.async.DocumentUpdatedAsyncListener.on(DocumentUpdatedAsyncListener.java:39) Document updated event: DocumentUpdatedAsyncEvent{documentId=6273e93d-7194-4e66-aadf-6ea8e2ce01a0} 
29 Apr 2024 18:50:20,485 INFO com.sismics.docs.core.listener.async.FileDeletedAsyncListener.on(FileDeletedAsyncListener.java:33) File deleted event: FileDeletedAsyncEvent{fileId=55b5545c-c3cf-4600-a9ef-89e1dde44146} 
29 Apr 2024 18:50:20,494 INFO com.sismics.docs.core.listener.async.DocumentUpdatedAsyncListener.on(DocumentUpdatedAsyncListener.java:39) Document updated event: DocumentUpdatedAsyncEvent{documentId=6273e93d-7194-4e66-aadf-6ea8e2ce01a0} 
29 Apr 2024 18:50:20,625 INFO org.subethamail.smtp.server.SMTPServer.run(SMTPServer.java:333) SMTP Server socket shut down. 
29 Apr 2024 18:50:20,627 INFO com.sismics.docs.core.service.InboxService.shutDown(InboxService.java:60) Inbox service shutting down 
29 Apr 2024 18:50:20,628 INFO com.sismics.docs.core.service.FileService.shutDown(FileService.java:44) File service shutting down 
]]></system-out>
  </testcase>
  <testcase name="testZipFileUpload" classname="com.sismics.docs.rest.TestFileResource" time="17.265">
    <system-out><![CDATA[29 Apr 2024 18:50:20,644 INFO org.glassfish.jersey.test.external.ExternalTestContainerFactory$ExternalTestContainer.<init>(ExternalTestContainerFactory.java:91) Creating ExternalTestContainer configured at the base URI http://localhost:9998/docs 
29 Apr 2024 18:50:22,040 INFO com.sismics.util.filter.RequestContextFilter.init(RequestContextFilter.java:43) Using base data directory: /tmp 
29 Apr 2024 18:50:36,186 INFO com.sismics.util.ClasspathScanner.findClasses(ClasspathScanner.java:48) Found 1 classes for IndexingHandler 
29 Apr 2024 18:50:36,188 INFO com.sismics.docs.core.util.indexing.LuceneIndexingHandler.initLucene(LuceneIndexingHandler.java:115) Using RAM Lucene storage 
29 Apr 2024 18:50:36,189 INFO com.sismics.docs.core.service.FileService.startUp(FileService.java:39) File service starting up 
29 Apr 2024 18:50:36,192 INFO com.sismics.docs.core.service.InboxService.startUp(InboxService.java:55) Inbox service starting up 
29 Apr 2024 18:50:37,616 INFO com.sismics.docs.core.listener.async.DocumentCreatedAsyncListener.on(DocumentCreatedAsyncListener.java:35) Document created event: DocumentCreatedAsyncEvent{documentId=92200578-002c-4b44-9042-612256076f0b} 
29 Apr 2024 18:50:37,861 INFO com.sismics.docs.core.util.FileUtil.startProcessingFile(FileUtil.java:221) Processing started for file: 9158249c-7651-4b45-b6cd-f5b31e93d133 
29 Apr 2024 18:50:37,886 INFO com.sismics.docs.core.listener.async.FileProcessingAsyncListener.on(FileProcessingAsyncListener.java:53) File created event: FileCreatedAsyncEvent{fileId=9158249c-7651-4b45-b6cd-f5b31e93d133, language=eng} 
29 Apr 2024 18:50:37,888 INFO com.sismics.docs.core.listener.async.FileProcessingAsyncListener.extractContent(FileProcessingAsyncListener.java:143) Format unhandled: application/zip 
29 Apr 2024 18:50:37,893 INFO com.sismics.docs.core.util.FileUtil.endProcessingFile(FileUtil.java:231) Processing ended for file: 9158249c-7651-4b45-b6cd-f5b31e93d133 
29 Apr 2024 18:50:37,894 INFO com.sismics.docs.core.listener.async.DocumentUpdatedAsyncListener.on(DocumentUpdatedAsyncListener.java:39) Document updated event: DocumentUpdatedAsyncEvent{documentId=92200578-002c-4b44-9042-612256076f0b} 
29 Apr 2024 18:50:37,908 INFO org.subethamail.smtp.server.SMTPServer.run(SMTPServer.java:333) SMTP Server socket shut down. 
29 Apr 2024 18:50:37,909 INFO com.sismics.docs.core.service.InboxService.shutDown(InboxService.java:60) Inbox service shutting down 
29 Apr 2024 18:50:37,909 INFO com.sismics.docs.core.service.FileService.shutDown(FileService.java:44) File service shutting down 
]]></system-out>
  </testcase>
  <testcase name="testOrphanFile" classname="com.sismics.docs.rest.TestFileResource" time="17.636">
    <system-out><![CDATA[29 Apr 2024 18:50:37,922 INFO org.glassfish.jersey.test.external.ExternalTestContainerFactory$ExternalTestContainer.<init>(ExternalTestContainerFactory.java:91) Creating ExternalTestContainer configured at the base URI http://localhost:9998/docs 
29 Apr 2024 18:50:38,879 INFO com.sismics.util.filter.RequestContextFilter.init(RequestContextFilter.java:43) Using base data directory: /tmp 
29 Apr 2024 18:50:50,227 INFO com.sismics.util.ClasspathScanner.findClasses(ClasspathScanner.java:48) Found 1 classes for IndexingHandler 
29 Apr 2024 18:50:50,228 INFO com.sismics.docs.core.util.indexing.LuceneIndexingHandler.initLucene(LuceneIndexingHandler.java:115) Using RAM Lucene storage 
29 Apr 2024 18:50:50,230 INFO com.sismics.docs.core.service.FileService.startUp(FileService.java:39) File service starting up 
29 Apr 2024 18:50:50,232 INFO com.sismics.docs.core.service.InboxService.startUp(InboxService.java:55) Inbox service starting up 
29 Apr 2024 18:50:51,665 INFO com.sismics.docs.core.util.FileUtil.startProcessingFile(FileUtil.java:221) Processing started for file: aa7d4b82-cdc0-43a0-9b08-3aac8e404058 
29 Apr 2024 18:50:51,680 INFO com.sismics.docs.core.listener.async.FileProcessingAsyncListener.on(FileProcessingAsyncListener.java:53) File created event: FileCreatedAsyncEvent{fileId=aa7d4b82-cdc0-43a0-9b08-3aac8e404058, language=null} 
29 Apr 2024 18:50:51,819 INFO com.sismics.docs.core.listener.async.FileProcessingAsyncListener.extractContent(FileProcessingAsyncListener.java:176) Start extracting content from: File{id=aa7d4b82-cdc0-43a0-9b08-3aac8e404058, name=PIA00452.jpg} 
29 Apr 2024 18:50:51,819 INFO com.sismics.docs.core.listener.async.FileProcessingAsyncListener.extractContent(FileProcessingAsyncListener.java:182) File content extracted in 0ms: aa7d4b82-cdc0-43a0-9b08-3aac8e404058 
29 Apr 2024 18:50:51,824 INFO com.sismics.docs.core.util.FileUtil.endProcessingFile(FileUtil.java:231) Processing ended for file: aa7d4b82-cdc0-43a0-9b08-3aac8e404058 
29 Apr 2024 18:50:51,950 INFO com.sismics.docs.core.listener.async.DocumentCreatedAsyncListener.on(DocumentCreatedAsyncListener.java:35) Document created event: DocumentCreatedAsyncEvent{documentId=768ef4c0-b208-4030-b0f0-877bad50e319} 
29 Apr 2024 18:50:51,975 INFO com.sismics.docs.core.util.FileUtil.startProcessingFile(FileUtil.java:221) Processing started for file: aa7d4b82-cdc0-43a0-9b08-3aac8e404058 
29 Apr 2024 18:50:51,989 INFO com.sismics.docs.core.listener.async.FileProcessingAsyncListener.on(FileProcessingAsyncListener.java:67) File updated event: FileUpdatedAsyncEvent{fileId=aa7d4b82-cdc0-43a0-9b08-3aac8e404058, language=eng} 
29 Apr 2024 18:50:52,135 INFO com.sismics.docs.core.listener.async.FileProcessingAsyncListener.extractContent(FileProcessingAsyncListener.java:176) Start extracting content from: File{id=aa7d4b82-cdc0-43a0-9b08-3aac8e404058, name=PIA00452.jpg} 
29 Apr 2024 18:50:55,045 INFO com.sismics.docs.core.listener.async.FileProcessingAsyncListener.extractContent(FileProcessingAsyncListener.java:182) File content extracted in 2,910ms: aa7d4b82-cdc0-43a0-9b08-3aac8e404058 
29 Apr 2024 18:50:55,052 INFO com.sismics.docs.core.util.FileUtil.endProcessingFile(FileUtil.java:231) Processing ended for file: aa7d4b82-cdc0-43a0-9b08-3aac8e404058 
29 Apr 2024 18:50:55,054 INFO com.sismics.docs.core.listener.async.DocumentUpdatedAsyncListener.on(DocumentUpdatedAsyncListener.java:39) Document updated event: DocumentUpdatedAsyncEvent{documentId=768ef4c0-b208-4030-b0f0-877bad50e319} 
29 Apr 2024 18:50:55,310 INFO com.sismics.docs.core.util.FileUtil.startProcessingFile(FileUtil.java:221) Processing started for file: d8cd12bd-729b-412d-b540-79122ef37277 
29 Apr 2024 18:50:55,341 INFO com.sismics.docs.core.listener.async.FileProcessingAsyncListener.on(FileProcessingAsyncListener.java:53) File created event: FileCreatedAsyncEvent{fileId=d8cd12bd-729b-412d-b540-79122ef37277, language=null} 
29 Apr 2024 18:50:55,494 INFO com.sismics.docs.core.listener.async.FileProcessingAsyncListener.extractContent(FileProcessingAsyncListener.java:176) Start extracting content from: File{id=d8cd12bd-729b-412d-b540-79122ef37277, name=PIA00452.jpg} 
29 Apr 2024 18:50:55,495 INFO com.sismics.docs.core.listener.async.FileProcessingAsyncListener.extractContent(FileProcessingAsyncListener.java:182) File content extracted in 0ms: d8cd12bd-729b-412d-b540-79122ef37277 
29 Apr 2024 18:50:55,500 INFO com.sismics.docs.core.util.FileUtil.endProcessingFile(FileUtil.java:231) Processing ended for file: d8cd12bd-729b-412d-b540-79122ef37277 
29 Apr 2024 18:50:55,537 INFO com.sismics.docs.core.listener.async.FileDeletedAsyncListener.on(FileDeletedAsyncListener.java:33) File deleted event: FileDeletedAsyncEvent{fileId=d8cd12bd-729b-412d-b540-79122ef37277} 
29 Apr 2024 18:50:55,546 INFO org.subethamail.smtp.server.SMTPServer.run(SMTPServer.java:333) SMTP Server socket shut down. 
29 Apr 2024 18:50:55,547 INFO com.sismics.docs.core.service.InboxService.shutDown(InboxService.java:60) Inbox service shutting down 
29 Apr 2024 18:50:55,548 INFO com.sismics.docs.core.service.FileService.shutDown(FileService.java:44) File service shutting down 
]]></system-out>
  </testcase>
</testsuite>